Build started 10/7/2013 1:06:59 AM.
Project "C:\Users\Cristi\Google Drive\IA-_An3\Procesare de Imagini\Grayscale\OpenCVInterface\OpenCVInterface\OpenCVInterface.vcxproj" on node 2 (build target(s)).
InitializeBuildStatus:
  Touching "Debug\OpenCVInterface.unsuccessfulbuild".
ClCompile:
  All outputs are up-to-date.
  C:\Program Files\Microsoft Visual Studio 10.0\VC\bin\CL.exe /c /ZI /nologo /W3 /WX- /Od /Oy- /D WIN32 /D _WINDOWS /D _DEBUG /D _MBCS /D _AFXDLL /Gm /EHsc /RTC1 /MDd /GS /fp:precise /Zc:wchar_t /Zc:forScope /Yu"StdAfx.h" /Fp"Debug\OpenCVInterface.pch" /Fo"Debug\\" /Fd"Debug\vc100.pdb" /Gd /TP /analyze- /errorReport:prompt OpenCVInterface.cpp OpenCVInterfaceDlg.cpp ResultDlg.cpp
  OpenCVInterface.cpp
  Generating Code...
  Skipping... (no relevant changes detected)
  ResultDlg.cpp
  OpenCVInterfaceDlg.cpp
ResourceCompile:
  All outputs are up-to-date.
ManifestResourceCompile:
  All outputs are up-to-date.
Link:
  C:\Program Files\Microsoft Visual Studio 10.0\VC\bin\link.exe /ERRORREPORT:PROMPT /OUT:"C:\Users\Cristi\Google Drive\IA-_An3\Procesare de Imagini\Grayscale\OpenCVInterface\Debug\OpenCVInterface.exe" /INCREMENTAL /NOLOGO opencv_core245d.lib opencv_imgproc245d.lib opencv_highgui245d.lib opencv_features2d245d.lib opencv_calib3d245d.lib /MANIFEST /ManifestFile:"Debug\OpenCVInterface.exe.intermediate.manifest" /MANIFESTUAC:"level='asInvoker' uiAccess='false'" /DEBUG /PDB:"C:\Users\Cristi\Google Drive\IA-_An3\Procesare de Imagini\Grayscale\OpenCVInterface\Debug\OpenCVInterface.pdb" /SUBSYSTEM:WINDOWS /TLBID:1 /DYNAMICBASE /NXCOMPAT /IMPLIB:"C:\Users\Cristi\Google Drive\IA-_An3\Procesare de Imagini\Grayscale\OpenCVInterface\Debug\OpenCVInterface.lib" /MACHINE:X86 Debug\OpenCVInterface.res
  Debug\OpenCVInterface.exe.embed.manifest.res
  Debug\OpenCVInterface.obj
  Debug\OpenCVInterfaceDlg.obj
  Debug\ResultDlg.obj
  Debug\stdafx.obj
Manifest:
  C:\Program Files\Microsoft SDKs\Windows\v7.0A\bin\mt.exe /nologo /verbose /out:"Debug\OpenCVInterface.exe.embed.manifest" /manifest Debug\OpenCVInterface.exe.intermediate.manifest "C:\Program Files\Microsoft Visual Studio 10.0\VC\Include\Manifest\dpiaware.manifest"
  All outputs are up-to-date.
LinkEmbedManifest:
  All outputs are up-to-date.
  OpenCVInterface.vcxproj -> C:\Users\Cristi\Google Drive\IA-_An3\Procesare de Imagini\Grayscale\OpenCVInterface\Debug\OpenCVInterface.exe
FinalizeBuildStatus:
  Deleting file "Debug\OpenCVInterface.unsuccessfulbuild".
  Touching "Debug\OpenCVInterface.lastbuildstate".
Done Building Project "C:\Users\Cristi\Google Drive\IA-_An3\Procesare de Imagini\Grayscale\OpenCVInterface\OpenCVInterface\OpenCVInterface.vcxproj" (build target(s)).

Build succeeded.

Time Elapsed 00:00:07.67
